2024-12-29 22:08:04,263 - tensorflow - WARNING - From c:\Users\ASUS\AppData\Local\Programs\Python\Python312\Lib\site-packages\tf2onnx\tf_loader.py:72: The name tf.train.import_meta_graph is deprecated. Please use tf.compat.v1.train.import_meta_graph instead.

2024-12-29 22:08:04,698 - absl - WARNING - The `save_format` argument is deprecated in Keras 3. We recommend removing this argument as it can be inferred from the file path. Received: save_format=h5
2024-12-29 22:08:04,698 - absl - WARNING - You are saving your model as an HDF5 file via `model.save()` or `keras.saving.save_model(model)`. This file format is considered legacy. We recommend using instead the native Keras format, e.g. `model.save('my_model.keras')` or `keras.saving.save_model(model, 'my_model.keras')`. 
2024-12-29 22:08:14,056 - tensorflow - WARNING - From c:\Users\ASUS\AppData\Local\Programs\Python\Python312\Lib\site-packages\keras\src\legacy\backend.py:666: The name tf.nn.ctc_loss is deprecated. Please use tf.compat.v1.nn.ctc_loss instead.

2024-12-29 22:22:15,534 - ImageReader - WARNING - Image Datasets\IAM_Words\words\r06\r06-022\r06-022-03-05.png could not be read, returning None.
2024-12-29 22:22:15,535 - DataProvider - WARNING - Data or annotation is None, marking for removal on epoch end.
2024-12-29 22:22:15,535 - DataProvider - WARNING - Data or annotation is None, skipping.
2024-12-29 22:23:52,266 - ImageReader - WARNING - Image Datasets\IAM_Words\words\a01\a01-117\a01-117-05-02.png could not be read, returning None.
2024-12-29 22:23:52,266 - DataProvider - WARNING - Data or annotation is None, marking for removal on epoch end.
2024-12-29 22:23:52,266 - DataProvider - WARNING - Data or annotation is None, skipping.
2024-12-29 22:25:12,358 - DataProvider - WARNING - Removing ['Datasets\\IAM_Words\\words\\r06\\r06-022\\r06-022-03-05.png', 'more'] from dataset.
2024-12-29 22:25:12,365 - DataProvider - WARNING - Removing ['Datasets\\IAM_Words\\words\\a01\\a01-117\\a01-117-05-02.png', 'Powell'] from dataset.
2024-12-29 22:26:07,832 - root - INFO - Epoch 0; CER: 0.8110628128051758; WER: 0.9136139750480652; loss: 12.610699653625488; val_CER: 0.7957462072372437; val_WER: 0.9060899615287781; val_loss: 11.269519805908203
2024-12-29 22:42:55,684 - root - INFO - Epoch 1; CER: 0.6849544048309326; WER: 0.8442721366882324; loss: 9.198158264160156; val_CER: 0.6751226782798767; val_WER: 0.8388869166374207; val_loss: 7.938922882080078
2024-12-29 23:00:21,817 - root - INFO - Epoch 2; CER: 0.6043248176574707; WER: 0.7978985905647278; loss: 7.3559675216674805; val_CER: 0.5959822535514832; val_WER: 0.7925885319709778; val_loss: 5.689892292022705
2024-12-29 23:13:31,080 - root - INFO - Epoch 3; CER: 0.5415684580802917; WER: 0.7588962316513062; loss: 6.0068464279174805; val_CER: 0.5349831581115723; val_WER: 0.7541263103485107; val_loss: 4.636590957641602
2024-12-29 23:23:55,030 - root - INFO - Epoch 4; CER: 0.49312517046928406; WER: 0.7253376841545105; loss: 5.166295051574707; val_CER: 0.48744481801986694; val_WER: 0.7203081250190735; val_loss: 3.5129971504211426
2024-12-29 23:34:16,099 - root - INFO - Epoch 5; CER: 0.4550166428089142; WER: 0.6958817839622498; loss: 4.62709903717041; val_CER: 0.450680136680603; val_WER: 0.691714882850647; val_loss: 3.1978936195373535
2024-12-29 23:44:30,838 - root - INFO - Epoch 6; CER: 0.42496389150619507; WER: 0.6708242297172546; loss: 4.267726898193359; val_CER: 0.42143502831459045; val_WER: 0.6673025488853455; val_loss: 3.0472934246063232
2024-12-29 23:54:57,617 - root - INFO - Epoch 7; CER: 0.4006154239177704; WER: 0.6496694087982178; loss: 4.016811370849609; val_CER: 0.3977915346622467; val_WER: 0.646770715713501; val_loss: 2.997079610824585
2024-12-30 00:05:24,716 - root - INFO - Epoch 8; CER: 0.3809332549571991; WER: 0.632326066493988; loss: 3.8778035640716553; val_CER: 0.378345787525177; val_WER: 0.6293984651565552; val_loss: 2.5108985900878906
2024-12-30 00:15:57,206 - root - INFO - Epoch 9; CER: 0.36334553360939026; WER: 0.6154431700706482; loss: 3.575103282928467; val_CER: 0.3615330755710602; val_WER: 0.6134810447692871; val_loss: 2.916447162628174
